\BOOKMARK [1][-]{section.1}{Introduction}{}% 1
\BOOKMARK [1][-]{section.2}{The Dataset}{}% 2
\BOOKMARK [1][-]{section.3}{Methodology}{}% 3
\BOOKMARK [2][-]{subsection.3.1}{Machine Learning}{section.3}% 4
\BOOKMARK [3][-]{subsubsection.3.1.1}{Supervised Learning}{subsection.3.1}% 5
\BOOKMARK [3][-]{subsubsection.3.1.2}{Support Vector Machines}{subsection.3.1}% 6
\BOOKMARK [3][-]{subsubsection.3.1.3}{Decision Trees}{subsection.3.1}% 7
\BOOKMARK [3][-]{subsubsection.3.1.4}{Random Forests}{subsection.3.1}% 8
\BOOKMARK [3][-]{subsubsection.3.1.5}{Feed Forward Networks}{subsection.3.1}% 9
\BOOKMARK [2][-]{subsection.3.2}{Surveying \046 Preprocessing the Data}{section.3}% 10
\BOOKMARK [3][-]{subsubsection.3.2.1}{Surveying}{subsection.3.2}% 11
\BOOKMARK [3][-]{subsubsection.3.2.2}{Preprocessing: Cleaning and Filtering}{subsection.3.2}% 12
\BOOKMARK [3][-]{subsubsection.3.2.3}{Preprocessing: Aggregation}{subsection.3.2}% 13
\BOOKMARK [2][-]{subsection.3.3}{Training}{section.3}% 14
\BOOKMARK [1][-]{section.4}{Results}{}% 15
\BOOKMARK [2][-]{subsection.4.1}{Gridsearch \046 Performance}{section.4}% 16
\BOOKMARK [2][-]{subsection.4.2}{Feature Importances}{section.4}% 17
\BOOKMARK [1][-]{section.5}{Discussion}{}% 18
\BOOKMARK [2][-]{subsection.5.1}{Dataset}{section.5}% 19
\BOOKMARK [2][-]{subsection.5.2}{Methodology}{section.5}% 20
\BOOKMARK [2][-]{subsection.5.3}{Results}{section.5}% 21
\BOOKMARK [3][-]{subsubsection.5.3.1}{Training Process}{subsection.5.3}% 22
\BOOKMARK [3][-]{subsubsection.5.3.2}{Performance}{subsection.5.3}% 23
\BOOKMARK [3][-]{subsubsection.5.3.3}{Feature Importances}{subsection.5.3}% 24
\BOOKMARK [2][-]{subsection.5.4}{Notes and Concerns}{section.5}% 25
\BOOKMARK [1][-]{section.6}{Conclusion}{}% 26
\BOOKMARK [1][-]{section.6}{References}{}% 27
\BOOKMARK [1][-]{section*.25}{Appendix}{}% 28
\BOOKMARK [1][-]{appendix.A}{Code Readme}{}% 29
\BOOKMARK [1][-]{appendix.B}{NEPS}{}% 30
\BOOKMARK [2][-]{subsection.B.1}{Datamanual}{appendix.B}% 31
\BOOKMARK [2][-]{subsection.B.2}{Codebook}{appendix.B}% 32
